timestamp=2025-11-19 18:23:02 hostname=ARAAUS32 check_id=NX-SYS-001 check_name="Guest Shell Disabled" category="System Hardening" severity=CRITICAL status=PASS score=10 max_score=10 message="Insecure configuration correctly absent"
timestamp=2025-11-19 18:23:02 hostname=ARAAUS32 check_id=NX-SYS-002 check_name="Bash Shell Consent Token Required" category="System Hardening" severity=HIGH status=FAIL score=0 max_score=5 message="[FAIL] Required configuration not found: terminal password.*consent-token"
timestamp=2025-11-19 18:23:02 hostname=ARAAUS32 check_id=NX-SYS-003 check_name="Sudo Password Prompt Enabled" category="System Hardening" severity=MEDIUM status=PASS score=3 max_score=3 message="Insecure configuration correctly absent"
timestamp=2025-11-19 18:23:02 hostname=ARAAUS32 check_id=NX-SYS-004 check_name="FIPS Mode Enabled" category="System Hardening" severity=MEDIUM status=FAIL score=0 max_score=3 message="[FAIL] Required configuration not found: ^fips mode enable"
timestamp=2025-11-19 18:23:02 hostname=ARAAUS32 check_id=NX-MP-001 check_name="Local User Authentication" category="User Management" severity=HIGH status=PASS score=5 max_score=5 message="Found: username admin password 5 $5$IFKDEK$1l9o.3JUkGQ4F.QDJcYZ9F99cbkZng2HXcbpORZSvk2 role network-admin"
timestamp=2025-11-19 18:23:02 hostname=ARAAUS32 check_id=NX-MP-002 check_name="Password Strength Requirements" category="Password Management" severity=HIGH status=FAIL score=0 max_score=5 message="[FAIL] Required configuration not found: ^password strength-check"
timestamp=2025-11-19 18:23:02 hostname=ARAAUS32 check_id=NX-MP-003 check_name="AAA Authentication Login" category="AAA Configuration" severity=CRITICAL status=PASS score=10 max_score=10 message="Found: aaa authentication login default group tacacs1 local"
timestamp=2025-11-19 18:23:02 hostname=ARAAUS32 check_id=NX-MP-004 check_name="AAA Authorization Commands" category="AAA Configuration" severity=HIGH status=PASS score=5 max_score=5 message="Found: aaa authorization commands default group tacacs1 local"
timestamp=2025-11-19 18:23:02 hostname=ARAAUS32 check_id=NX-MP-005 check_name="AAA Accounting" category="AAA Configuration" severity=HIGH status=PASS score=5 max_score=5 message="Found: aaa accounting default group tacacs1"
timestamp=2025-11-19 18:23:02 hostname=ARAAUS32 check_id=NX-MP-024 check_name="AAA Key Encryption Type-6" category="AAA Configuration" severity=CRITICAL status=PASS score=10 max_score=10 message="Found: tacacs-server host 10.253.11.233 key 6 \"JDYkTL0d5ivKuXmk3l/Mwl6yuCTU4cEaqSrwfjIYJh2bti8NsA8v85ORQCgs4glHdNSLdBfslQg9t9EkWC4dluLEHO8kl/LNAWgf7QPmooKvfKPTV/W4MhwA\" port 49"
timestamp=2025-11-19 18:23:02 hostname=ARAAUS32 check_id=NX-MP-005AA check_name="TACACS+ Server Timeout Configured" category="AAA Configuration" severity=CRITICAL status=PASS score=10 max_score=10 message="Found: tacacs-server timeout 30"
timestamp=2025-11-19 18:23:02 hostname=ARAAUS32 check_id=NX-MP-005AB check_name="TACACS+ Timeout Absolute Value (30 seconds)" category="AAA Configuration" severity=MEDIUM status=PASS score=3 max_score=3 message="Value matches required: 30 seconds"
timestamp=2025-11-19 18:23:02 hostname=ARAAUS32 check_id=NX-MP-006AA check_name="RADIUS Server Timeout Configured" category="AAA Configuration" severity=HIGH status=PASS score=5 max_score=5 message="Found: radius-server timeout 5"
timestamp=2025-11-19 18:23:02 hostname=ARAAUS32 check_id=NX-MP-006AB check_name="RADIUS Timeout Optimal Range" category="AAA Configuration" severity=MEDIUM status=PASS score=3 max_score=3 message="Optimal value: 5 seconds (within 3-10 seconds range)"
timestamp=2025-11-19 18:23:02 hostname=ARAAUS32 check_id=NX-MP-025 check_name="TACACS+ Over TLS 1.3" category="AAA Configuration" severity=HIGH status=FAIL score=0 max_score=5 message="[FAIL] Required configuration not found: tacacs-server.*ssl-version tlsv1.3"
timestamp=2025-11-19 18:23:02 hostname=ARAAUS32 check_id=NX-MP-026 check_name="Advanced Password Hashing (Type 8/9)" category="Password Management" severity=HIGH status=FAIL score=0 max_score=5 message="[FAIL] Required configuration not found: password [89]"
timestamp=2025-11-19 18:23:02 hostname=ARAAUS32 check_id=NX-MP-027 check_name="Password Reuse Prevention" category="Password Management" severity=MEDIUM status=FAIL score=0 max_score=3 message="[FAIL] Required configuration not found: password history"
timestamp=2025-11-19 18:23:02 hostname=ARAAUS32 check_id=NX-MP-006 check_name="SSH Feature Enabled" category="Secure Management" severity=CRITICAL status=PASS score=10 max_score=10 message="Found: feature ssh"
timestamp=2025-11-19 18:23:02 hostname=ARAAUS32 check_id=NX-MP-007 check_name="SSH Key Configuration" category="Secure Management" severity=CRITICAL status=PASS score=10 max_score=10 message="Found: ssh key rsa 2048"
timestamp=2025-11-19 18:23:02 hostname=ARAAUS32 check_id=NX-MP-008 check_name="Telnet Feature Disabled" category="Disable Unused Services" severity=CRITICAL status=PASS score=10 max_score=10 message="Insecure configuration correctly absent"
timestamp=2025-11-19 18:23:02 hostname=ARAAUS32 check_id=NX-MP-036 check_name="SSH X.509 Certificate Authentication" category="Secure Management" severity=LOW status=FAIL score=0 max_score=1 message="[FAIL] Required configuration not found: ssh certificate"
timestamp=2025-11-19 18:23:02 hostname=ARAAUS32 check_id=NX-MP-009A check_name="Console Session Timeout Configured" category="Session Management" severity=MEDIUM status=PASS score=3 max_score=3 message="Console configured correctly"
timestamp=2025-11-19 18:23:02 hostname=ARAAUS32 check_id=NX-MP-009B check_name="Console Timeout Optimal Range" category="Session Management" severity=LOW status=PASS score=1 max_score=1 message="Optimal value: 15 minutes (within 5-15 minutes range)"
timestamp=2025-11-19 18:23:02 hostname=ARAAUS32 check_id=NX-MP-010A check_name="VTY Session Timeout Configured" category="Session Management" severity=MEDIUM status=PASS score=3 max_score=3 message="1 VTY line(s) configured correctly"
timestamp=2025-11-19 18:23:02 hostname=ARAAUS32 check_id=NX-MP-010B check_name="VTY Timeout Optimal Range" category="Session Management" severity=LOW status=PASS score=1 max_score=1 message="Optimal value: 15 minutes (within 5-15 minutes range)"
timestamp=2025-11-19 18:23:02 hostname=ARAAUS32 check_id=NX-MP-010A check_name="VTY Access-Class Applied" category="Session Management" severity=HIGH status=PASS score=5 max_score=5 message="1 VTY line(s) configured correctly"
timestamp=2025-11-19 18:23:02 hostname=ARAAUS32 check_id=NX-MP-011 check_name="SNMPv3 Configuration" category="SNMP Security" severity=HIGH status=PASS score=5 max_score=5 message="Found: snmp-server user ops network-admin auth md5 49775C263C36C4664E22DBDFEBB137BABA7A priv aes-128 52023309278237DCE0DC4C193210FE6F6DB7 localizedV2key"
timestamp=2025-11-19 18:23:02 hostname=ARAAUS32 check_id=NX-MP-012 check_name="SNMP Default Community Strings Disabled" category="SNMP Security" severity=CRITICAL status=PASS score=10 max_score=10 message="Insecure configuration correctly absent"
timestamp=2025-11-19 18:23:02 hostname=ARAAUS32 check_id=NX-MP-033 check_name="SNMP Global Privacy Enforcement" category="SNMP Security" severity=HIGH status=PASS score=5 max_score=5 message="Found: no snmp-server globalEnforcePriv"
timestamp=2025-11-19 18:23:02 hostname=ARAAUS32 check_id=NX-MP-034 check_name="RADIUS Over TLS" category="AAA Configuration" severity=HIGH status=FAIL score=0 max_score=5 message="[FAIL] Required configuration not found: radius-server.*tls-version"
timestamp=2025-11-19 18:23:02 hostname=ARAAUS32 check_id=NX-MP-035 check_name="LDAP Over TLS" category="AAA Configuration" severity=HIGH status=FAIL score=0 max_score=5 message="[FAIL] Required configuration not found: ldap-server.*ssl-version"
timestamp=2025-11-19 18:23:02 hostname=ARAAUS32 check_id=NX-MP-013 check_name="Logging to Remote Server" category=Logging severity=HIGH status=PASS score=5 max_score=5 message="Found: logging server 10.253.182.93 5 port 514 use-vrf management facility kern"
timestamp=2025-11-19 18:23:02 hostname=ARAAUS32 check_id=NX-MP-014 check_name="Logging Source Interface" category=Logging severity=MEDIUM status=PASS score=3 max_score=3 message="Found: logging source-interface mgmt0"
timestamp=2025-11-19 18:23:02 hostname=ARAAUS32 check_id=NX-MP-015 check_name="Logging Timestamp" category=Logging severity=MEDIUM status=PASS score=3 max_score=3 message="Found: logging timestamp milliseconds"
timestamp=2025-11-19 18:23:02 hostname=ARAAUS32 check_id=NX-MP-016 check_name="Logging Facility" category=Logging severity=LOW status=FAIL score=0 max_score=1 message="[FAIL] Required configuration not found: ^logging facility"
timestamp=2025-11-19 18:23:02 hostname=ARAAUS32 check_id=NX-MP-016A check_name="Logging Level Configured" category=Logging severity=MEDIUM status=PASS score=3 max_score=3 message="Found: logging level urib 5"
timestamp=2025-11-19 18:23:02 hostname=ARAAUS32 check_id=NX-MP-016B check_name="Logging Level Optimal Range" category=Logging severity=LOW status=PASS score=1 max_score=1 message="Optimal value: 5 (within 4-6 range)"
timestamp=2025-11-19 18:23:02 hostname=ARAAUS32 check_id=NX-MP-030 check_name="Console Logging Disabled" category=Logging severity=MEDIUM status=PASS score=3 max_score=3 message="Insecure configuration correctly absent"
timestamp=2025-11-19 18:23:02 hostname=ARAAUS32 check_id=NX-MP-030A check_name="SSH Session Timeout Configured" category="SSH Security" severity=MEDIUM status=FAIL score=0 max_score=3 message="[FAIL] Required configuration not found: ^ssh timeout"
timestamp=2025-11-19 18:23:02 hostname=ARAAUS32 check_id=NX-MP-030B check_name="SSH Timeout Optimal Range" category="SSH Security" severity=LOW status=FAIL score=0 max_score=1 message="[FAIL] Configuration not found: ssh timeout"
timestamp=2025-11-19 18:23:02 hostname=ARAAUS32 check_id=NX-MP-031 check_name="Monitor Logging Disabled" category=Logging severity=MEDIUM status=FAIL score=0 max_score=3 message="[FAIL] Insecure configuration found: logging monitor 5"
timestamp=2025-11-19 18:23:02 hostname=ARAAUS32 check_id=NX-MP-032 check_name="Logging to File Enabled" category=Logging severity=HIGH status=PASS score=5 max_score=5 message="Found: logging logfile messages 5 size 4194304 persistent threshold 0"
timestamp=2025-11-19 18:23:02 hostname=ARAAUS32 check_id=NX-MP-028 check_name="CDP Disabled on Untrusted Interfaces" category="Discovery Protocols" severity=HIGH status=PASS score=5 max_score=5 message="Insecure configuration correctly absent"
timestamp=2025-11-19 18:23:02 hostname=ARAAUS32 check_id=NX-MP-029 check_name="LLDP Transmit Disabled on Untrusted Interfaces" category="Discovery Protocols" severity=MEDIUM status=FAIL score=0 max_score=3 message="[FAIL] Insecure configuration found: lldp transmit"
timestamp=2025-11-19 18:23:02 hostname=ARAAUS32 check_id=NX-MP-029A check_name="SSH Login Attempts Configured" category="SSH Security" severity=MEDIUM status=PASS score=3 max_score=3 message="Found: ssh login-attempts 3"
timestamp=2025-11-19 18:23:02 hostname=ARAAUS32 check_id=NX-MP-029B check_name="SSH Login Attempts Optimal Range" category="SSH Security" severity=LOW status=PASS score=1 max_score=1 message="Optimal value: 3 attempts (within 2-5 attempts range)"
timestamp=2025-11-19 18:23:02 hostname=ARAAUS32 check_id=NX-MP-017 check_name="NTP Server Configuration" category="Time Synchronization" severity=HIGH status=PASS score=5 max_score=5 message="Found: ntp server 10.251.4.4 use-vrf management"
timestamp=2025-11-19 18:23:02 hostname=ARAAUS32 check_id=NX-MP-018 check_name="NTP Source Interface" category="Time Synchronization" severity=MEDIUM status=PASS score=3 max_score=3 message="Found: ntp source-interface mgmt0"
timestamp=2025-11-19 18:23:02 hostname=ARAAUS32 check_id=NX-MP-019 check_name="NTP Authenticate" category="Time Synchronization" severity=HIGH status=FAIL score=0 max_score=5 message="[FAIL] Required configuration not found: ^ntp authenticate"
timestamp=2025-11-19 18:23:02 hostname=ARAAUS32 check_id=NX-MP-020 check_name="Login Banner" category=Compliance severity=MEDIUM status=PASS score=3 max_score=3 message="Found: banner motd ^"
timestamp=2025-11-19 18:23:02 hostname=ARAAUS32 check_id=NX-MP-021 check_name="HTTP Server Disabled" category="Disable Unused Services" severity=HIGH status=PASS score=5 max_score=5 message="Insecure configuration correctly absent"
timestamp=2025-11-19 18:23:02 hostname=ARAAUS32 check_id=NX-MP-022 check_name="HTTPS Certificate" category="Secure Management" severity=MEDIUM status=PASS score=3 max_score=3 message="Found: crypto ca lookup local"
timestamp=2025-11-19 18:23:02 hostname=ARAAUS32 check_id=NX-MP-023 check_name="FTP Feature Disabled" category="Disable Unused Services" severity=HIGH status=PASS score=5 max_score=5 message="Insecure configuration correctly absent"
timestamp=2025-11-19 18:23:02 hostname=ARAAUS32 check_id=NX-CP-001 check_name="Management ACL Configuration" category="Access Control" severity=CRITICAL status=PASS score=10 max_score=10 message="Found: ip access-list 3"
timestamp=2025-11-19 18:23:02 hostname=ARAAUS32 check_id=NX-CP-002 check_name="CoPP (Control Plane Policing)" category="Rate Limiting" severity=CRITICAL status=FAIL score=0 max_score=10 message="[FAIL] Required configuration not found: ^copp profile"
timestamp=2025-11-19 18:23:02 hostname=ARAAUS32 check_id=NX-CP-018 check_name="CoPP Template Selection" category="Rate Limiting" severity=HIGH status=FAIL score=0 max_score=5 message="[FAIL] Required configuration not found: ^copp profile (strict|moderate)"
timestamp=2025-11-19 18:23:02 hostname=ARAAUS32 check_id=NX-CP-003 check_name="BGP Password Authentication" category="Routing Security" severity=HIGH status=PASS score=5 max_score=5 message="Found: no password strength-check"
timestamp=2025-11-19 18:23:02 hostname=ARAAUS32 check_id=NX-CP-004 check_name="OSPF Authentication" category="Routing Security" severity=HIGH status=FAIL score=0 max_score=5 message="[FAIL] Required configuration not found: ip ospf authentication"
timestamp=2025-11-19 18:23:02 hostname=ARAAUS32 check_id=NX-CP-005 check_name="EIGRP Authentication" category="Routing Security" severity=HIGH status=FAIL score=0 max_score=5 message="[FAIL] Required configuration not found: ip authentication.*eigrp"
timestamp=2025-11-19 18:23:02 hostname=ARAAUS32 check_id=NX-CP-006 check_name="BGP Maximum Prefix Limit" category="Routing Security" severity=HIGH status=FAIL score=0 max_score=5 message="[FAIL] Required configuration not found: maximum-prefix"
timestamp=2025-11-19 18:23:02 hostname=ARAAUS32 check_id=NX-CP-007 check_name="BGP TTL Security" category="Routing Security" severity=MEDIUM status=FAIL score=0 max_score=3 message="[FAIL] Required configuration not found: ttl-security"
timestamp=2025-11-19 18:23:02 hostname=ARAAUS32 check_id=NX-CP-019 check_name="BGP Log Neighbor Changes in All BGP VRFs" category="Routing Security" severity=HIGH status=PASS score=5 max_score=5 message="log-neighbor-changes configured in default BGP VRF (no additional BGP VRFs found)"
timestamp=2025-11-19 18:23:02 hostname=ARAAUS32 check_id=NX-DP-011 check_name="IP Source Routing Disabled" category="IP Security" severity=HIGH status=PASS score=5 max_score=5 message="Found: no ip source-route"
timestamp=2025-11-19 18:23:02 hostname=ARAAUS32 check_id=NX-CP-014 check_name="ICMP Redirects Disabled" category="IP Security" severity=MEDIUM status=FAIL score=0 max_score=3 message="[FAIL] 75 interface(s) failed: interface Vlan1, interface Vlan136, interface Vlan308..."
timestamp=2025-11-19 18:23:02 hostname=ARAAUS32 check_id=NX-CP-015 check_name="ICMP Unreachables Disabled" category="IP Security" severity=LOW status=FAIL score=0 max_score=1 message="[FAIL] 82 interface(s) failed: interface Vlan1, interface Vlan111, interface Vlan136..."
timestamp=2025-11-19 18:23:02 hostname=ARAAUS32 check_id=NX-CP-016 check_name="Proxy ARP Disabled" category="IP Security" severity=MEDIUM status=FAIL score=0 max_score=3 message="[FAIL] 82 interface(s) failed: interface Vlan1, interface Vlan111, interface Vlan136..."
timestamp=2025-11-19 18:23:02 hostname=ARAAUS32 check_id=NX-CP-017 check_name="NTP Authentication Keys" category="Time Synchronization" severity=MEDIUM status=FAIL score=0 max_score=3 message="[FAIL] Required configuration not found: ^ntp authentication-key"
timestamp=2025-11-19 18:23:02 hostname=ARAAUS32 check_id=NX-CP-008 check_name="ARP Inspection (DAI)" category="Layer 2 Security" severity=HIGH status=PASS score=5 max_score=5 message="Found: no ip arp inspection validate src-mac dst-mac ip"
timestamp=2025-11-19 18:23:02 hostname=ARAAUS32 check_id=NX-CP-009 check_name="ARP Timeout" category="Layer 2 Security" severity=LOW status=PASS score=1 max_score=1 message="Found: ip arp timeout 3600"
timestamp=2025-11-19 18:23:02 hostname=ARAAUS32 check_id=NX-CP-010 check_name="DHCP Snooping" category="Layer 2 Security" severity=HIGH status=PASS score=5 max_score=5 message="Found: no ip dhcp snooping"
timestamp=2025-11-19 18:23:02 hostname=ARAAUS32 check_id=NX-CP-011 check_name="IPv6 First Hop Security" category="IPv6 Security" severity=MEDIUM status=PASS score=3 max_score=3 message="Found: no ipv6 nd raguard"
timestamp=2025-11-19 18:23:02 hostname=ARAAUS32 check_id=NX-CP-012 check_name="Route Filtering" category="Routing Security" severity=HIGH status=PASS score=5 max_score=5 message="Found: no system default route-map validate-applied"
timestamp=2025-11-19 18:23:02 hostname=ARAAUS32 check_id=NX-CP-013 check_name="Routing Protocol Loop Prevention" category="Routing Security" severity=MEDIUM status=PASS score=3 max_score=3 message="Found: distance 110"
timestamp=2025-11-19 18:23:02 hostname=ARAAUS32 check_id=NX-DP-001 check_name="Port Security" category="Port Security" severity=HIGH status=FAIL score=0 max_score=5 message="[FAIL] Required configuration not found: switchport port-security"
timestamp=2025-11-19 18:23:02 hostname=ARAAUS32 check_id=NX-DP-002 check_name="Trunk Native VLAN" category="VLAN Security" severity=HIGH status=FAIL score=0 max_score=5 message="[FAIL] Required configuration not found: switchport trunk native vlan (?!1$)"
timestamp=2025-11-19 18:23:02 hostname=ARAAUS32 check_id=NX-DP-003 check_name="VLAN Access Lists (VACLs)" category="VLAN Security" severity=MEDIUM status=FAIL score=0 max_score=3 message="[FAIL] Required configuration not found: vlan access-map"
timestamp=2025-11-19 18:23:02 hostname=ARAAUS32 check_id=NX-DP-004 check_name="DTP Disabled" category="VLAN Security" severity=HIGH status=FAIL score=0 max_score=5 message="[FAIL] 71 interface(s) failed: interface Vlan1, interface Vlan111, interface Vlan136..."
timestamp=2025-11-19 18:23:02 hostname=ARAAUS32 check_id=NX-DP-005 check_name="Broadcast Storm Control" category="Storm Control" severity=MEDIUM status=PASS score=3 max_score=3 message="Found: storm-control broadcast level 100.00"
timestamp=2025-11-19 18:23:02 hostname=ARAAUS32 check_id=NX-DP-006 check_name="Multicast Storm Control" category="Storm Control" severity=MEDIUM status=PASS score=3 max_score=3 message="Found: storm-control multicast level 100.00"
timestamp=2025-11-19 18:23:02 hostname=ARAAUS32 check_id=NX-DP-007 check_name="Private VLAN Configuration" category="VLAN Security" severity=LOW status=FAIL score=0 max_score=1 message="[FAIL] Required configuration not found: private-vlan"
timestamp=2025-11-19 18:23:02 hostname=ARAAUS32 check_id=NX-DP-008 check_name="Unicast RPF" category=Anti-Spoofing severity=HIGH status=FAIL score=0 max_score=5 message="[FAIL] Required configuration not found: ip verify unicast source reachable-via"
timestamp=2025-11-19 18:23:02 hostname=ARAAUS32 check_id=NX-DP-009 check_name="IP Source Guard" category=Anti-Spoofing severity=HIGH status=PASS score=5 max_score=5 message="Found: no ip verify source dhcp-snooping-vlan"
timestamp=2025-11-19 18:23:02 hostname=ARAAUS32 check_id=NX-DP-012 check_name="IP Directed Broadcast Disabled" category="IP Security" severity=MEDIUM status=FAIL score=0 max_score=3 message="[FAIL] 82 interface(s) failed: interface Vlan1, interface Vlan111, interface Vlan136..."
timestamp=2025-11-19 18:23:02 hostname=ARAAUS32 check_id=NX-DP-013 check_name="Classification ACLs Present" category=QoS severity=LOW status=PASS score=1 max_score=1 message="Found: class-map type network-qos c-nq1"
timestamp=2025-11-19 18:23:02 hostname=ARAAUS32 check_id=NX-DP-014 check_name="MAC Packet Classification" category=QoS severity=LOW status=FAIL score=0 max_score=1 message="[FAIL] Required configuration not found: mac packet-classify"
timestamp=2025-11-19 18:23:02 hostname=ARAAUS32 check_id=NX-DP-010 check_name="QoS Feature" category=QoS severity=LOW status=FAIL score=0 max_score=1 message="[FAIL] Required configuration not found: ^feature qos"
timestamp=2025-11-19 18:23:02 hostname=ARAAUS32 check_id=NX-NS-001 check_name="vPC Domain Configuration" category="High Availability" severity=MEDIUM status=FAIL score=0 max_score=3 message="[FAIL] Required configuration not found: ^vpc domain"
timestamp=2025-11-19 18:23:02 hostname=ARAAUS32 check_id=NX-NS-002 check_name="vPC Peer-Keepalive" category="High Availability" severity=HIGH status=FAIL score=0 max_score=5 message="[FAIL] Required configuration not found: peer-keepalive destination.*vrf management"
timestamp=2025-11-19 18:23:02 hostname=ARAAUS32 check_id=NX-NS-007 check_name="ACI Fabric Secure Mode" category="ACI Security" severity=HIGH status=FAIL score=0 max_score=5 message="[FAIL] Required configuration not found: fabric secure-mode"
timestamp=2025-11-19 18:23:02 hostname=ARAAUS32 check_id=NX-NS-008 check_name="vPC Delay Restore" category="High Availability" severity=MEDIUM status=FAIL score=0 max_score=3 message="[FAIL] Required configuration not found: delay restore"
timestamp=2025-11-19 18:23:02 hostname=ARAAUS32 check_id=NX-NS-003 check_name="VDC Resource Allocation" category="Resource Management" severity=LOW status=PASS score=1 max_score=1 message="Found: vdc combined-hostname"
timestamp=2025-11-19 18:23:02 hostname=ARAAUS32 check_id=NX-NS-004 check_name="FEX Feature" category="Fabric Extender" severity=LOW status=FAIL score=0 max_score=1 message="[FAIL] Required configuration not found: ^feature fex"
timestamp=2025-11-19 18:23:02 hostname=ARAAUS32 check_id=NX-NS-005 check_name="VXLAN Feature" category="Overlay Networking" severity=LOW status=FAIL score=0 max_score=1 message="[FAIL] Required configuration not found: ^feature nv overlay"
timestamp=2025-11-19 18:23:02 hostname=ARAAUS32 check_id=NX-NS-006 check_name="Hardware Profile Configuration" category="System Health" severity=MEDIUM status=FAIL score=0 max_score=3 message="[FAIL] Required configuration not found: ^hardware profile tcam"
timestamp=2025-11-19 18:23:02 hostname=ARAAUS32 check_id=NX-MON-001 check_name="SPAN Session Configuration" category="Traffic Monitoring" severity=LOW status=FAIL score=0 max_score=1 message="[FAIL] Required configuration not found: ^monitor session"
timestamp=2025-11-19 18:23:02 hostname=ARAAUS32 check_id=NX-MON-001A check_name="NTP Poll Interval Configured" category="Time Management" severity=LOW status=FAIL score=0 max_score=1 message="[FAIL] Required configuration not found: ^ntp.*minpoll"
timestamp=2025-11-19 18:23:02 hostname=ARAAUS32 check_id=NX-MON-001B check_name="NTP Poll Optimal Range" category="Time Management" severity=LOW status=FAIL score=0 max_score=1 message="[FAIL] Configuration not found: ntp.*minpoll"
timestamp=2025-11-19 18:23:02 hostname=ARAAUS32 check_id=NX-MON-002 check_name="Call-Home Configuration" category="Proactive Monitoring" severity=LOW status=PASS score=1 max_score=1 message="Found: callhome"
timestamp=2025-11-19 18:23:02 hostname=ARAAUS32 check_id=NX-MON-003 check_name="Smart Licensing" category="License Management" severity=LOW status=FAIL score=0 max_score=1 message="[FAIL] Required configuration not found: ^feature smartlicense"
timestamp=2025-11-19 18:23:02 hostname=ARAAUS32 check_id=NX-MON-004 check_name="Configuration Checkpoints" category="Configuration Management" severity=MEDIUM status=FAIL score=0 max_score=3 message="[FAIL] Required configuration not found: checkpoint"
timestamp=2025-11-19 18:23:02 hostname=ARAAUS32 check_id=NX-MON-005 check_name="Scheduler Feature Enabled" category="Configuration Management" severity=MEDIUM status=PASS score=3 max_score=3 message="Found: feature scheduler"
timestamp=2025-11-19 18:23:02 hostname=ARAAUS32 check_id=NX-MON-006 check_name="Automated Configuration Backups" category="Configuration Management" severity=MEDIUM status=FAIL score=0 max_score=3 message="[FAIL] Required configuration not found: scheduler.*backup"
timestamp=2025-11-19 18:23:02 hostname=ARAAUS32 check_id=NX-MON-007 check_name="NetFlow Feature Enabled" category="Traffic Analysis" severity=MEDIUM status=FAIL score=0 max_score=3 message="[FAIL] Required configuration not found: ^feature netflow"
timestamp=2025-11-19 18:23:02 hostname=ARAAUS32 check_id=NX-MON-008 check_name="AAA Command Accounting" category="Audit Logging" severity=HIGH status=FAIL score=0 max_score=5 message="[FAIL] Required configuration not found: aaa accounting.*command"
